Arguments: 
  /Users/joe/.nvm/versions/node/v8.9.4/bin/node /usr/local/Cellar/yarn/1.3.2/libexec/bin/yarn.js push

PATH: 
  /Users/joe/.nvm/versions/node/v8.9.4/bin:/usr/local/bin:/usr/bin:/bin:/usr/sbin:/sbin:/Users/joe/.yarn/bin:/Users/joe/Library/Python/3.6/bin:/Users/joe/.yarn/bin:/Users/joe/Library/Android/sdk/tools:/Users/joe/Library/Android/sdk/platform-tools

Yarn version: 
  1.3.2

Node version: 
  8.9.4

Platform: 
  darwin x64

npm manifest: 
  {
    "scripts":"push": "git add -A && git commit -m \"$msg\" && git push"
  }

yarn manifest: 
  No manifest

Lockfile: 
  No lockfile

Trace: 
  SyntaxError: /Users/joe/Build/iot-course/firmware/package.json: Unexpected token : in JSON at position 20
      at JSON.parse (<anonymous>)
      at /usr/local/Cellar/yarn/1.3.2/libexec/lib/cli.js:770:59
      at Generator.next (<anonymous>)
      at step (/usr/local/Cellar/yarn/1.3.2/libexec/lib/cli.js:92:30)
      at /usr/local/Cellar/yarn/1.3.2/libexec/lib/cli.js:103:13
      at <anonymous>
